<?xml version="1.0" encoding="UTF-8"?>
<!-- Generated by org.testng.reporters.JUnitReportReporter -->
<testsuite hostname="Trishas-MacBook-Air.local" failures="0" tests="1" name="com.nixonex.tests.ProductTest" time="26.076" errors="0" timestamp="2025-07-14T14:56:16 IST" skipped="0">
  <testcase classname="com.nixonex.tests.ProductTest" name="testAddProductToCart" time="26.076"/>
</testsuite> <!-- com.nixonex.tests.ProductTest -->
