<?xml version="1.0" encoding="UTF-8"?>
<!-- Generated by org.testng.reporters.JUnitReportReporter -->
<testsuite hostname="Trishas-MacBook-Air.local" failures="0" tests="2" name="com.nixonex.tests.CheckoutTest" time="59.663" errors="0" timestamp="2025-07-14T14:56:16 IST" skipped="0">
  <testcase classname="com.nixonex.tests.CheckoutTest" name="testFullCheckoutFlow" time="29.721"/>
  <testcase classname="com.nixonex.tests.CheckoutTest" name="testFullCheckoutFlow" time="29.942"/>
</testsuite> <!-- com.nixonex.tests.CheckoutTest -->
